2019-50-07 17:50:02.555 [main] INFO   - Initialize HomePage
2019-50-07 17:50:04.139 [main] INFO   - Click on login Link
2019-50-07 17:50:05.762 [main] INFO   - Log in
2019-50-07 17:50:07.737 [main] INFO   - click Dresses
2019-50-07 17:50:09.354 [main] INFO   - click SummerDresses
2019-50-07 17:50:09.399 [main] INFO   - verify if quantity from text and quantity from content are equals
2019-51-07 17:51:15.639 [main] INFO   - Initialize HomePage
2019-51-07 17:51:16.910 [main] INFO   - Click on login Link
2019-51-07 17:51:18.403 [main] INFO   - Log in
2019-51-07 17:51:30.847 [main] ERROR  - Expected condition failed: waiting for visibility of Proxy element for: DefaultElementLocator 'By.xpath: //ul[contains(class,'tree dynamized')]/li[position()=3]/a[contains(@title,'Short dress') and contains(text(),'Summer Dresses')]' (tried for 10 second(s) with 500 milliseconds interval)
2020-59-11 21:59:04.197 [main] INFO   - Initialize HomePage
2020-59-11 21:59:06.212 [main] INFO   - Click on login Link
2020-59-11 21:59:07.897 [main] INFO   - Log in
2020-59-11 21:59:13.695 [main] INFO   - click Dresses
2020-59-11 21:59:15.751 [main] INFO   - click SummerDresses
2020-59-11 21:59:15.795 [main] INFO   - verify if quantity from text and quantity from content are equals
2020-00-11 22:00:00.777 [main] INFO   - Initialize HomePage
2020-00-11 22:00:03.344 [main] INFO   - Click on login Link
2020-00-11 22:00:05.356 [main] INFO   - Log in
2020-00-11 22:00:09.095 [main] INFO   - click Dresses
2020-00-11 22:00:12.930 [main] INFO   - click SummerDresses
2020-00-11 22:00:12.976 [main] INFO   - verify if quantity from text and quantity from content are equals
2020-17-11 22:17:58.819 [main] INFO   - Initialize HomePage
2020-18-11 22:18:01.058 [main] INFO   - Click on login Link
2020-18-11 22:18:02.579 [main] INFO   - Log in
2020-18-11 22:18:04.987 [main] INFO   - click Dresses
2020-18-11 22:18:06.923 [main] INFO   - click SummerDresses
2020-18-11 22:18:06.968 [main] INFO   - verify if quantity from text and quantity from content are equals
2020-29-11 22:29:37.990 [main] INFO   - Initialize HomePage
2020-29-11 22:29:39.799 [main] INFO   - Click on login Link
2020-29-11 22:29:41.432 [main] INFO   - Log in
2020-29-11 22:29:44.119 [main] INFO   - click Dresses
2020-29-11 22:29:46.866 [main] INFO   - click SummerDresses
2020-29-11 22:29:46.915 [main] INFO   - verify if quantity from text and quantity from content are equals
2020-43-11 23:43:01.148 [main] INFO   - Click Submit and login 
2020-43-11 23:43:01.577 [main] INFO   - On Dashboard
2020-05-12 01:05:06.505 [main] INFO   - Click Submit and login 
2020-05-12 01:05:06.865 [main] INFO   - On Dashboard
2020-05-12 01:05:07.297 [main] ERROR  - no such element: Unable to locate element: {"method":"xpath","selector":"//a[contains(text(),'Add Client')]"}
  (Session info: chrome=79.0.3945.130)
  (Driver info: chromedriver=70.0.3538.16 (16ed95b41bb05e565b11fb66ac33c660b721f778),platform=Windows NT 10.0.18362 x86_64) (WARNING: The server did not provide any stacktrace information)
Command duration or timeout: 0 milliseconds
For documentation on this error, please visit: https://www.seleniumhq.org/exceptions/no_such_element.html
Build info: version: '3.141.59', revision: 'e82be7d358', time: '2018-11-14T08:17:03'
System info: host: 'DESKTOP-3BK3TIH', ip: '192.168.0.186', os.name: 'Windows 10', os.arch: 'amd64', os.version: '10.0', java.version: '11.0.4'
Driver info: org.openqa.selenium.chrome.ChromeDriver
Capabilities {acceptInsecureCerts: false, acceptSslCerts: false, applicationCacheEnabled: false, browserConnectionEnabled: false, browserName: chrome, chrome: {chromedriverVersion: 70.0.3538.16 (16ed95b41bb05..., userDataDir: C:\Users\A946~1\AppData\Loc...}, cssSelectorsEnabled: true, databaseEnabled: false, goog:chromeOptions: {debuggerAddress: localhost:51158}, handlesAlerts: true, hasTouchScreen: false, javascriptEnabled: true, locationContextEnabled: true, mobileEmulationEnabled: false, nativeEvents: true, networkConnectionEnabled: false, pageLoadStrategy: normal, platform: XP, platformName: XP, rotatable: false, setWindowRect: true, takesHeapSnapshot: true, takesScreenshot: true, unexpectedAlertBehaviour: , unhandledPromptBehavior: , version: 79.0.3945.130, webStorageEnabled: true}
Session ID: 54e43bb3b09e39de3824a465b0cf4437
*** Element info: {Using=xpath, value=//a[contains(text(),'Add Client')]}
2020-08-12 01:08:19.205 [main] INFO   - Click Submit and login 
2020-10-12 01:10:33.594 [main] INFO   - Click Submit and login 
2020-10-12 01:10:44.829 [main] ERROR  - Expected condition failed: waiting for visibility of Proxy element for: DefaultElementLocator 'By.xpath: //a[contains(text(),'Add Client')]' (tried for 10 second(s) with 500 milliseconds interval)
2020-15-12 01:15:46.422 [main] INFO   - Click Submit and login 
2020-15-12 01:15:48.405 [main] INFO   - On Dashboard
2020-15-12 01:15:48.886 [main] ERROR  - unknown error: Element <a href="/app/new-client" id="ember1212" class="glf-double-navbar-item ember-view">...</a> is not clickable at point (229, 25). Other element would receive the click: <div class="loading-wrapper">...</div>
  (Session info: chrome=79.0.3945.130)
  (Driver info: chromedriver=70.0.3538.16 (16ed95b41bb05e565b11fb66ac33c660b721f778),platform=Windows NT 10.0.18362 x86_64) (WARNING: The server did not provide any stacktrace information)
Command duration or timeout: 0 milliseconds
Build info: version: '3.141.59', revision: 'e82be7d358', time: '2018-11-14T08:17:03'
System info: host: 'DESKTOP-3BK3TIH', ip: '192.168.0.186', os.name: 'Windows 10', os.arch: 'amd64', os.version: '10.0', java.version: '11.0.4'
Driver info: org.openqa.selenium.chrome.ChromeDriver
Capabilities {acceptInsecureCerts: false, acceptSslCerts: false, applicationCacheEnabled: false, browserConnectionEnabled: false, browserName: chrome, chrome: {chromedriverVersion: 70.0.3538.16 (16ed95b41bb05..., userDataDir: C:\Users\A946~1\AppData\Loc...}, cssSelectorsEnabled: true, databaseEnabled: false, goog:chromeOptions: {debuggerAddress: localhost:51925}, handlesAlerts: true, hasTouchScreen: false, javascriptEnabled: true, locationContextEnabled: true, mobileEmulationEnabled: false, nativeEvents: true, networkConnectionEnabled: false, pageLoadStrategy: normal, platform: XP, platformName: XP, rotatable: false, setWindowRect: true, takesHeapSnapshot: true, takesScreenshot: true, unexpectedAlertBehaviour: , unhandledPromptBehavior: , version: 79.0.3945.130, webStorageEnabled: true}
Session ID: 6b3b2401995eadc8804b97288ef0ee08
2020-21-12 01:21:05.882 [main] INFO   - Click Submit and login 
2020-21-12 01:21:06.302 [main] INFO   - On Dashboard
2020-21-12 01:21:07.923 [main] INFO   - Add new client
2020-29-12 01:29:59.833 [main] INFO   - Click Submit and login 
2020-30-12 01:30:00.238 [main] INFO   - On Dashboard
2020-30-12 01:30:55.786 [main] INFO   - Click Submit and login 
2020-30-12 01:30:56.187 [main] INFO   - On Dashboard
2020-30-12 01:30:57.827 [main] INFO   - Add new client
2020-38-12 01:38:38.094 [main] INFO   - Click Submit and login 
2020-38-12 01:38:38.487 [main] INFO   - On Dashboard
2020-38-12 01:38:40.111 [main] INFO   - Add new client
2020-43-12 01:43:06.336 [main] INFO   - Click Submit and login 
2020-43-12 01:43:06.785 [main] INFO   - On Dashboard
2020-43-12 01:43:08.876 [main] ERROR  - unknown error: Element <button type="submit" id="patient-search-submit" class="btn d-position-relative btn-success without-focus ember-view">...</button> is not clickable at point (927, 332). Other element would receive the click: <div class="loading-wrapper">...</div>
  (Session info: chrome=79.0.3945.130)
  (Driver info: chromedriver=70.0.3538.16 (16ed95b41bb05e565b11fb66ac33c660b721f778),platform=Windows NT 10.0.18362 x86_64) (WARNING: The server did not provide any stacktrace information)
Command duration or timeout: 0 milliseconds
Build info: version: '3.141.59', revision: 'e82be7d358', time: '2018-11-14T08:17:03'
System info: host: 'DESKTOP-3BK3TIH', ip: '192.168.0.186', os.name: 'Windows 10', os.arch: 'amd64', os.version: '10.0', java.version: '11.0.4'
Driver info: org.openqa.selenium.chrome.ChromeDriver
Capabilities {acceptInsecureCerts: false, acceptSslCerts: false, applicationCacheEnabled: false, browserConnectionEnabled: false, browserName: chrome, chrome: {chromedriverVersion: 70.0.3538.16 (16ed95b41bb05..., userDataDir: C:\Users\A946~1\AppData\Loc...}, cssSelectorsEnabled: true, databaseEnabled: false, goog:chromeOptions: {debuggerAddress: localhost:51900}, handlesAlerts: true, hasTouchScreen: false, javascriptEnabled: true, locationContextEnabled: true, mobileEmulationEnabled: false, nativeEvents: true, networkConnectionEnabled: false, pageLoadStrategy: normal, platform: XP, platformName: XP, rotatable: false, setWindowRect: true, takesHeapSnapshot: true, takesScreenshot: true, unexpectedAlertBehaviour: , unhandledPromptBehavior: , version: 79.0.3945.130, webStorageEnabled: true}
Session ID: 7548837577ca4dc434411bccd3404975
2020-46-12 01:46:10.421 [main] INFO   - Click Submit and login 
2020-46-12 01:46:10.820 [main] INFO   - On Dashboard
2020-46-12 01:46:12.438 [main] INFO   - Add new client
2020-48-12 01:48:45.352 [main] INFO   - Click Submit and login 
2020-48-12 01:48:45.763 [main] INFO   - On Dashboard
2020-48-12 01:48:46.244 [main] ERROR  - no such element: Unable to locate element: {"method":"xpath","selector":"//a[@href='/app/new-client']"}
  (Session info: chrome=79.0.3945.130)
  (Driver info: chromedriver=70.0.3538.16 (16ed95b41bb05e565b11fb66ac33c660b721f778),platform=Windows NT 10.0.18362 x86_64) (WARNING: The server did not provide any stacktrace information)
Command duration or timeout: 0 milliseconds
For documentation on this error, please visit: https://www.seleniumhq.org/exceptions/no_such_element.html
Build info: version: '3.141.59', revision: 'e82be7d358', time: '2018-11-14T08:17:03'
System info: host: 'DESKTOP-3BK3TIH', ip: '192.168.0.186', os.name: 'Windows 10', os.arch: 'amd64', os.version: '10.0', java.version: '11.0.4'
Driver info: org.openqa.selenium.chrome.ChromeDriver
Capabilities {acceptInsecureCerts: false, acceptSslCerts: false, applicationCacheEnabled: false, browserConnectionEnabled: false, browserName: chrome, chrome: {chromedriverVersion: 70.0.3538.16 (16ed95b41bb05..., userDataDir: C:\Users\A946~1\AppData\Loc...}, cssSelectorsEnabled: true, databaseEnabled: false, goog:chromeOptions: {debuggerAddress: localhost:52337}, handlesAlerts: true, hasTouchScreen: false, javascriptEnabled: true, locationContextEnabled: true, mobileEmulationEnabled: false, nativeEvents: true, networkConnectionEnabled: false, pageLoadStrategy: normal, platform: XP, platformName: XP, rotatable: false, setWindowRect: true, takesHeapSnapshot: true, takesScreenshot: true, unexpectedAlertBehaviour: , unhandledPromptBehavior: , version: 79.0.3945.130, webStorageEnabled: true}
Session ID: 26b698290ca8cfcdfc3fdba3af1b9f28
*** Element info: {Using=xpath, value=//a[@href='/app/new-client']}
2020-52-12 01:52:24.846 [main] INFO   - Click Submit and login 
2020-52-12 01:52:25.202 [main] INFO   - On Dashboard
2020-52-12 01:52:27.336 [main] ERROR  - unknown error: Element <a href="/app/new-client" id="ember1212" class="glf-double-navbar-item ember-view">...</a> is not clickable at point (229, 25). Other element would receive the click: <div class="loading-wrapper">...</div>
  (Session info: chrome=79.0.3945.130)
  (Driver info: chromedriver=70.0.3538.16 (16ed95b41bb05e565b11fb66ac33c660b721f778),platform=Windows NT 10.0.18362 x86_64) (WARNING: The server did not provide any stacktrace information)
Command duration or timeout: 0 milliseconds
Build info: version: '3.141.59', revision: 'e82be7d358', time: '2018-11-14T08:17:03'
System info: host: 'DESKTOP-3BK3TIH', ip: '192.168.0.186', os.name: 'Windows 10', os.arch: 'amd64', os.version: '10.0', java.version: '11.0.4'
Driver info: org.openqa.selenium.chrome.ChromeDriver
Capabilities {acceptInsecureCerts: false, acceptSslCerts: false, applicationCacheEnabled: false, browserConnectionEnabled: false, browserName: chrome, chrome: {chromedriverVersion: 70.0.3538.16 (16ed95b41bb05..., userDataDir: C:\Users\A946~1\AppData\Loc...}, cssSelectorsEnabled: true, databaseEnabled: false, goog:chromeOptions: {debuggerAddress: localhost:52581}, handlesAlerts: true, hasTouchScreen: false, javascriptEnabled: true, locationContextEnabled: true, mobileEmulationEnabled: false, nativeEvents: true, networkConnectionEnabled: false, pageLoadStrategy: normal, platform: XP, platformName: XP, rotatable: false, setWindowRect: true, takesHeapSnapshot: true, takesScreenshot: true, unexpectedAlertBehaviour: , unhandledPromptBehavior: , version: 79.0.3945.130, webStorageEnabled: true}
Session ID: 4b8759cbcc4e6c60aa6896c2d21ed1c5
2020-14-12 02:14:17.812 [main] INFO   - Click Submit and login 
2020-14-12 02:14:18.649 [main] ERROR  - class com.sun.proxy.$Proxy24 cannot be cast to class org.openqa.selenium.By (com.sun.proxy.$Proxy24 and org.openqa.selenium.By are in unnamed module of loader 'app')
2020-24-12 02:24:22.004 [main] INFO   - Click Submit and login 
2020-24-12 02:24:22.418 [main] INFO   - On Dashboard
2020-24-12 02:24:24.589 [main] ERROR  - unknown error: Element <a href="/app/new-client" id="ember1212" class="glf-double-navbar-item ember-view">...</a> is not clickable at point (229, 25). Other element would receive the click: <div class="loading-wrapper">...</div>
  (Session info: chrome=79.0.3945.130)
  (Driver info: chromedriver=70.0.3538.16 (16ed95b41bb05e565b11fb66ac33c660b721f778),platform=Windows NT 10.0.18362 x86_64) (WARNING: The server did not provide any stacktrace information)
Command duration or timeout: 0 milliseconds
Build info: version: '3.141.59', revision: 'e82be7d358', time: '2018-11-14T08:17:03'
System info: host: 'DESKTOP-3BK3TIH', ip: '192.168.0.186', os.name: 'Windows 10', os.arch: 'amd64', os.version: '10.0', java.version: '11.0.4'
Driver info: org.openqa.selenium.chrome.ChromeDriver
Capabilities {acceptInsecureCerts: false, acceptSslCerts: false, applicationCacheEnabled: false, browserConnectionEnabled: false, browserName: chrome, chrome: {chromedriverVersion: 70.0.3538.16 (16ed95b41bb05..., userDataDir: C:\Users\A946~1\AppData\Loc...}, cssSelectorsEnabled: true, databaseEnabled: false, goog:chromeOptions: {debuggerAddress: localhost:58791}, handlesAlerts: true, hasTouchScreen: false, javascriptEnabled: true, locationContextEnabled: true, mobileEmulationEnabled: false, nativeEvents: true, networkConnectionEnabled: false, pageLoadStrategy: normal, platform: XP, platformName: XP, rotatable: false, setWindowRect: true, takesHeapSnapshot: true, takesScreenshot: true, unexpectedAlertBehaviour: , unhandledPromptBehavior: , version: 79.0.3945.130, webStorageEnabled: true}
Session ID: 189407ea478ae59f90a7d8d6ff6e7ace
2020-31-12 02:31:06.665 [main] INFO   - Click Submit and login 
2020-31-12 02:31:07.083 [main] INFO   - On Dashboard
2020-31-12 02:31:08.691 [main] ERROR  - null
2020-46-12 02:46:14.906 [main] INFO   - Click Submit and login 
2020-46-12 02:46:15.306 [main] INFO   - On Dashboard
2020-46-12 02:46:29.424 [main] ERROR  - Expected condition failed: waiting for visibility of Proxy element for: DefaultElementLocator 'By.xpath: //input[@type='password']' (tried for 10 second(s) with 500 milliseconds interval)
2020-53-12 02:53:28.068 [main] INFO   - Click Submit and login 
2020-53-12 02:53:28.458 [main] INFO   - On Dashboard
2020-53-12 02:53:31.810 [main] INFO   - Add new client
2020-00-13 01:00:45.592 [main] ERROR  - Expected condition failed: waiting for visibility of Proxy element for: DefaultElementLocator 'By.xpath: //input[@type='password']' (tried for 10 second(s) with 500 milliseconds interval)
2020-11-13 01:11:01.804 [main] INFO   - Click Submit and login 
2020-11-13 01:11:02.163 [main] INFO   - On Dashboard
2020-11-13 01:11:14.053 [main] ERROR  - Expected condition failed: waiting for condition to not be valid: presence of any elements located by By.xpath: //div[@class='loading-wrapper (tried for 10 second(s) with 500 milliseconds interval)
2020-12-13 01:12:17.599 [main] INFO   - Click Submit and login 
2020-12-13 01:12:17.982 [main] INFO   - On Dashboard
2020-12-13 01:12:29.356 [main] ERROR  - Expected condition failed: waiting for condition to not be valid: presence of any elements located by By.xpath: //div[@class='loading-wrapper (tried for 10 second(s) with 500 milliseconds interval)
2020-14-13 01:14:13.168 [main] INFO   - Click Submit and login 
2020-14-13 01:14:13.548 [main] INFO   - On Dashboard
2020-14-13 01:14:16.925 [main] INFO   - Add new client
2020-14-13 01:14:17.353 [main] ERROR  - Keys to send should be a not null CharSequence
2020-15-13 01:15:19.954 [main] INFO   - Click Submit and login 
2020-15-13 01:15:20.335 [main] INFO   - On Dashboard
2020-15-13 01:15:51.920 [main] INFO   - Click Submit and login 
2020-15-13 01:15:52.308 [main] INFO   - On Dashboard
2020-15-13 01:15:55.632 [main] INFO   - Add new client
2020-15-13 01:15:56.097 [main] ERROR  - Keys to send should be a not null CharSequence
2020-21-13 01:21:56.975 [main] INFO   - Click Submit and login 
2020-21-13 01:21:57.361 [main] INFO   - On Dashboard
2020-22-13 01:22:02.367 [main] INFO   - Add new client
2020-22-13 01:22:02.954 [main] ERROR  - Keys to send should be a not null CharSequence
2020-36-13 01:36:52.372 [main] ERROR  - Expected condition failed: waiting for visibility of Proxy element for: DefaultElementLocator 'By.xpath: //input[@type='password']' (tried for 10 second(s) with 500 milliseconds interval)
2020-50-13 01:50:54.082 [main] INFO   - Click Submit and login 
2020-50-13 01:50:54.551 [main] INFO   - On Dashboard
2020-50-13 01:50:57.997 [main] INFO   - Add new client
2020-50-13 01:50:58.841 [main] ERROR  - no such element: Unable to locate element: {"method":"xpath","selector":"//div[@id='middleName']//input"}
  (Session info: chrome=79.0.3945.130)
  (Driver info: chromedriver=70.0.3538.16 (16ed95b41bb05e565b11fb66ac33c660b721f778),platform=Windows NT 10.0.18362 x86_64) (WARNING: The server did not provide any stacktrace information)
Command duration or timeout: 0 milliseconds
For documentation on this error, please visit: https://www.seleniumhq.org/exceptions/no_such_element.html
Build info: version: '3.141.59', revision: 'e82be7d358', time: '2018-11-14T08:17:03'
System info: host: 'DESKTOP-3BK3TIH', ip: '192.168.0.186', os.name: 'Windows 10', os.arch: 'amd64', os.version: '10.0', java.version: '11.0.4'
Driver info: org.openqa.selenium.chrome.ChromeDriver
Capabilities {acceptInsecureCerts: false, acceptSslCerts: false, applicationCacheEnabled: false, browserConnectionEnabled: false, browserName: chrome, chrome: {chromedriverVersion: 70.0.3538.16 (16ed95b41bb05..., userDataDir: C:\Users\A946~1\AppData\Loc...}, cssSelectorsEnabled: true, databaseEnabled: false, goog:chromeOptions: {debuggerAddress: localhost:52511}, handlesAlerts: true, hasTouchScreen: false, javascriptEnabled: true, locationContextEnabled: true, mobileEmulationEnabled: false, nativeEvents: true, networkConnectionEnabled: false, pageLoadStrategy: normal, platform: XP, platformName: XP, rotatable: false, setWindowRect: true, takesHeapSnapshot: true, takesScreenshot: true, unexpectedAlertBehaviour: , unhandledPromptBehavior: , version: 79.0.3945.130, webStorageEnabled: true}
Session ID: cbb715b35a69461f74b6b68fe998eb93
*** Element info: {Using=xpath, value=//div[@id='middleName']//input}
2020-54-13 01:54:35.726 [main] INFO   - Click Submit and login 
2020-54-13 01:54:36.102 [main] INFO   - On Dashboard
2020-54-13 01:54:38.935 [main] INFO   - Add new client
2020-56-13 01:56:09.767 [main] INFO   - Click Submit and login 
2020-56-13 01:56:10.130 [main] INFO   - On Dashboard
2020-56-13 01:56:13.486 [main] INFO   - Add new client
2020-01-13 02:01:23.048 [main] INFO   - Click Submit and login 
2020-01-13 02:01:23.459 [main] INFO   - On Dashboard
2020-03-13 02:03:02.582 [main] INFO   - Click Submit and login 
2020-03-13 02:03:02.975 [main] INFO   - On Dashboard
2020-03-13 02:03:17.083 [main] ERROR  - Expected condition failed: waiting for visibility of Proxy element for: DefaultElementLocator 'By.xpath: //label[contains(text(),'Upload Photo')]' (tried for 10 second(s) with 500 milliseconds interval)
2020-08-13 02:08:48.507 [main] INFO   - Click Submit and login 
2020-08-13 02:08:48.904 [main] INFO   - On Dashboard
2020-08-13 02:08:52.792 [main] INFO   - Add new client
2020-25-13 02:25:36.293 [main] INFO   - Click Submit and login 
2020-25-13 02:25:37.104 [main] ERROR  - no such element: Unable to locate element: {"method":"xpath","selector":"//button[contains(text(),'Terminate and Log In')]"}
  (Session info: chrome=79.0.3945.130)
  (Driver info: chromedriver=70.0.3538.16 (16ed95b41bb05e565b11fb66ac33c660b721f778),platform=Windows NT 10.0.18362 x86_64) (WARNING: The server did not provide any stacktrace information)
Command duration or timeout: 0 milliseconds
For documentation on this error, please visit: https://www.seleniumhq.org/exceptions/no_such_element.html
Build info: version: '3.141.59', revision: 'e82be7d358', time: '2018-11-14T08:17:03'
System info: host: 'DESKTOP-3BK3TIH', ip: '192.168.0.186', os.name: 'Windows 10', os.arch: 'amd64', os.version: '10.0', java.version: '11.0.4'
Driver info: org.openqa.selenium.chrome.ChromeDriver
Capabilities {acceptInsecureCerts: false, acceptSslCerts: false, applicationCacheEnabled: false, browserConnectionEnabled: false, browserName: chrome, chrome: {chromedriverVersion: 70.0.3538.16 (16ed95b41bb05..., userDataDir: C:\Users\A946~1\AppData\Loc...}, cssSelectorsEnabled: true, databaseEnabled: false, goog:chromeOptions: {debuggerAddress: localhost:53869}, handlesAlerts: true, hasTouchScreen: false, javascriptEnabled: true, locationContextEnabled: true, mobileEmulationEnabled: false, nativeEvents: true, networkConnectionEnabled: false, pageLoadStrategy: normal, platform: XP, platformName: XP, rotatable: false, setWindowRect: true, takesHeapSnapshot: true, takesScreenshot: true, unexpectedAlertBehaviour: , unhandledPromptBehavior: , version: 79.0.3945.130, webStorageEnabled: true}
Session ID: fe346a095845abff57150f45f1f5d167
*** Element info: {Using=xpath, value=//button[contains(text(),'Terminate and Log In')]}
2020-28-13 02:28:32.389 [main] INFO   - Click Submit and login 
2020-28-13 02:28:33.205 [main] ERROR  - no such element: Unable to locate element: {"method":"xpath","selector":"//button[contains(text(),'Terminate and Log In')]"}
  (Session info: chrome=79.0.3945.130)
  (Driver info: chromedriver=70.0.3538.16 (16ed95b41bb05e565b11fb66ac33c660b721f778),platform=Windows NT 10.0.18362 x86_64) (WARNING: The server did not provide any stacktrace information)
Command duration or timeout: 0 milliseconds
For documentation on this error, please visit: https://www.seleniumhq.org/exceptions/no_such_element.html
Build info: version: '3.141.59', revision: 'e82be7d358', time: '2018-11-14T08:17:03'
System info: host: 'DESKTOP-3BK3TIH', ip: '192.168.0.186', os.name: 'Windows 10', os.arch: 'amd64', os.version: '10.0', java.version: '11.0.4'
Driver info: org.openqa.selenium.chrome.ChromeDriver
Capabilities {acceptInsecureCerts: false, acceptSslCerts: false, applicationCacheEnabled: false, browserConnectionEnabled: false, browserName: chrome, chrome: {chromedriverVersion: 70.0.3538.16 (16ed95b41bb05..., userDataDir: C:\Users\A946~1\AppData\Loc...}, cssSelectorsEnabled: true, databaseEnabled: false, goog:chromeOptions: {debuggerAddress: localhost:54029}, handlesAlerts: true, hasTouchScreen: false, javascriptEnabled: true, locationContextEnabled: true, mobileEmulationEnabled: false, nativeEvents: true, networkConnectionEnabled: false, pageLoadStrategy: normal, platform: XP, platformName: XP, rotatable: false, setWindowRect: true, takesHeapSnapshot: true, takesScreenshot: true, unexpectedAlertBehaviour: , unhandledPromptBehavior: , version: 79.0.3945.130, webStorageEnabled: true}
Session ID: 9c4495be3efdc9ffc09ccef474e400ec
*** Element info: {Using=xpath, value=//button[contains(text(),'Terminate and Log In')]}
2020-40-13 12:40:18.171 [main] INFO   - Click Submit and login 
2020-40-13 12:40:18.845 [main] ERROR  - no such element: Unable to locate element: {"method":"xpath","selector":"//button[contains(text(),'Terminate and Log In')]"}
  (Session info: chrome=70.0.3538.67)
  (Driver info: chromedriver=70.0.3538.16 (16ed95b41bb05e565b11fb66ac33c660b721f778),platform=Windows NT 10.0.18363 x86_64) (WARNING: The server did not provide any stacktrace information)
Command duration or timeout: 0 milliseconds
For documentation on this error, please visit: https://www.seleniumhq.org/exceptions/no_such_element.html
Build info: version: '3.141.59', revision: 'e82be7d358', time: '2018-11-14T08:17:03'
System info: host: 'GFL-2018', ip: '10.58.58.15', os.name: 'Windows 10', os.arch: 'amd64', os.version: '10.0', java.version: '11.0.4'
Driver info: org.openqa.selenium.chrome.ChromeDriver
Capabilities {acceptInsecureCerts: false, acceptSslCerts: false, applicationCacheEnabled: false, browserConnectionEnabled: false, browserName: chrome, chrome: {chromedriverVersion: 70.0.3538.16 (16ed95b41bb05..., userDataDir: C:\Users\EAVKSE~1\AppData\L...}, cssSelectorsEnabled: true, databaseEnabled: false, goog:chromeOptions: {debuggerAddress: localhost:3607}, handlesAlerts: true, hasTouchScreen: false, javascriptEnabled: true, locationContextEnabled: true, mobileEmulationEnabled: false, nativeEvents: true, networkConnectionEnabled: false, pageLoadStrategy: normal, platform: XP, platformName: XP, rotatable: false, setWindowRect: true, takesHeapSnapshot: true, takesScreenshot: true, unexpectedAlertBehaviour: , unhandledPromptBehavior: , version: 70.0.3538.67, webStorageEnabled: true}
Session ID: a2cf68a75f6c0dc441cd8f49ae8624db
*** Element info: {Using=xpath, value=//button[contains(text(),'Terminate and Log In')]}
2020-58-13 12:58:13.855 [main] INFO   - Click Submit and login 
2020-58-13 12:58:24.272 [main] INFO   - Session not terminated
2020-58-13 12:58:24.273 [main] INFO   - Expected condition failed: waiting for visibility of Proxy element for: DefaultElementLocator 'By.xpath: //button[contains(text(),'Terminate and Log In')]' (tried for 10 second(s) with 500 milliseconds interval) org.openqa.selenium.NoSuchElementException: no such element: Unable to locate element: {"method":"xpath","selector":"//button[contains(text(),'Terminate and Log In')]"}
  (Session info: chrome=70.0.3538.67)
  (Driver info: chromedriver=70.0.3538.16 (16ed95b41bb05e565b11fb66ac33c660b721f778),platform=Windows NT 10.0.18363 x86_64) (WARNING: The server did not provide any stacktrace information)
Command duration or timeout: 0 milliseconds
For documentation on this error, please visit: https://www.seleniumhq.org/exceptions/no_such_element.html
Build info: version: '3.141.59', revision: 'e82be7d358', time: '2018-11-14T08:17:03'
System info: host: 'GFL-2018', ip: '10.58.58.15', os.name: 'Windows 10', os.arch: 'amd64', os.version: '10.0', java.version: '11.0.4'
Driver info: org.openqa.selenium.chrome.ChromeDriver
Capabilities {acceptInsecureCerts: false, acceptSslCerts: false, applicationCacheEnabled: false, browserConnectionEnabled: false, browserName: chrome, chrome: {chromedriverVersion: 70.0.3538.16 (16ed95b41bb05..., userDataDir: C:\Users\EAVKSE~1\AppData\L...}, cssSelectorsEnabled: true, databaseEnabled: false, goog:chromeOptions: {debuggerAddress: localhost:4631}, handlesAlerts: true, hasTouchScreen: false, javascriptEnabled: true, locationContextEnabled: true, mobileEmulationEnabled: false, nativeEvents: true, networkConnectionEnabled: false, pageLoadStrategy: normal, platform: XP, platformName: XP, rotatable: false, setWindowRect: true, takesHeapSnapshot: true, takesScreenshot: true, unexpectedAlertBehaviour: , unhandledPromptBehavior: , version: 70.0.3538.67, webStorageEnabled: true}
Session ID: 4c930baa24abbbcabce4439c1c0acb5b
*** Element info: {Using=xpath, value=//button[contains(text(),'Terminate and Log In')]}
2020-58-13 12:58:24.309 [main] INFO   - On Dashboard
2020-58-13 12:58:35.153 [main] ERROR  - Expected condition failed: waiting for visibility of Proxy element for: DefaultElementLocator 'By.xpath: //div[@class='loading-wrapper']' (tried for 10 second(s) with 500 milliseconds interval)
2020-02-13 13:02:39.692 [main] INFO   - Click Submit and login 
2020-02-13 13:02:42.074 [main] INFO   - Session Terminated proceed further
2020-02-13 13:02:42.183 [main] INFO   - On Dashboard
2020-02-13 13:02:45.616 [main] INFO   - Add new client
2020-04-13 13:04:14.236 [main] INFO   - Click Submit and login 
2020-04-13 13:04:24.711 [main] INFO   - Session not terminated
2020-04-13 13:04:24.712 [main] INFO   - Expected condition failed: waiting for visibility of Proxy element for: DefaultElementLocator 'By.xpath: //button[contains(@class,'btn btn-primary')]' (tried for 10 second(s) with 500 milliseconds interval) org.openqa.selenium.NoSuchElementException: no such element: Unable to locate element: {"method":"xpath","selector":"//button[contains(@class,'btn btn-primary')]"}
  (Session info: chrome=70.0.3538.67)
  (Driver info: chromedriver=70.0.3538.16 (16ed95b41bb05e565b11fb66ac33c660b721f778),platform=Windows NT 10.0.18363 x86_64) (WARNING: The server did not provide any stacktrace information)
Command duration or timeout: 0 milliseconds
For documentation on this error, please visit: https://www.seleniumhq.org/exceptions/no_such_element.html
Build info: version: '3.141.59', revision: 'e82be7d358', time: '2018-11-14T08:17:03'
System info: host: 'GFL-2018', ip: '10.58.58.15', os.name: 'Windows 10', os.arch: 'amd64', os.version: '10.0', java.version: '11.0.4'
Driver info: org.openqa.selenium.chrome.ChromeDriver
Capabilities {acceptInsecureCerts: false, acceptSslCerts: false, applicationCacheEnabled: false, browserConnectionEnabled: false, browserName: chrome, chrome: {chromedriverVersion: 70.0.3538.16 (16ed95b41bb05..., userDataDir: C:\Users\EAVKSE~1\AppData\L...}, cssSelectorsEnabled: true, databaseEnabled: false, goog:chromeOptions: {debuggerAddress: localhost:5191}, handlesAlerts: true, hasTouchScreen: false, javascriptEnabled: true, locationContextEnabled: true, mobileEmulationEnabled: false, nativeEvents: true, networkConnectionEnabled: false, pageLoadStrategy: normal, platform: XP, platformName: XP, rotatable: false, setWindowRect: true, takesHeapSnapshot: true, takesScreenshot: true, unexpectedAlertBehaviour: , unhandledPromptBehavior: , version: 70.0.3538.67, webStorageEnabled: true}
Session ID: 95ac03281bd3fe5f8a95e80a144339a0
*** Element info: {Using=xpath, value=//button[contains(@class,'btn btn-primary')]}
2020-04-13 13:04:24.752 [main] INFO   - On Dashboard
2020-04-13 13:04:35.203 [main] ERROR  - Expected condition failed: waiting for visibility of Proxy element for: DefaultElementLocator 'By.xpath: //div[@class='loading-wrapper']' (tried for 10 second(s) with 500 milliseconds interval)
2020-09-13 13:09:19.368 [main] INFO   - Click Submit and login 
2020-09-13 13:09:30.222 [main] INFO   - Session not terminated
2020-09-13 13:09:30.223 [main] INFO   - Expected condition failed: waiting for visibility of Proxy element for: DefaultElementLocator 'By.xpath: //button[contains(@class,'btn btn-primary')]' (tried for 10 second(s) with 500 milliseconds interval) org.openqa.selenium.NoSuchElementException: no such element: Unable to locate element: {"method":"xpath","selector":"//button[contains(@class,'btn btn-primary')]"}
  (Session info: chrome=70.0.3538.67)
  (Driver info: chromedriver=70.0.3538.16 (16ed95b41bb05e565b11fb66ac33c660b721f778),platform=Windows NT 10.0.18363 x86_64) (WARNING: The server did not provide any stacktrace information)
Command duration or timeout: 0 milliseconds
For documentation on this error, please visit: https://www.seleniumhq.org/exceptions/no_such_element.html
Build info: version: '3.141.59', revision: 'e82be7d358', time: '2018-11-14T08:17:03'
System info: host: 'GFL-2018', ip: '10.58.58.15', os.name: 'Windows 10', os.arch: 'amd64', os.version: '10.0', java.version: '11.0.4'
Driver info: org.openqa.selenium.chrome.ChromeDriver
Capabilities {acceptInsecureCerts: false, acceptSslCerts: false, applicationCacheEnabled: false, browserConnectionEnabled: false, browserName: chrome, chrome: {chromedriverVersion: 70.0.3538.16 (16ed95b41bb05..., userDataDir: C:\Users\EAVKSE~1\AppData\L...}, cssSelectorsEnabled: true, databaseEnabled: false, goog:chromeOptions: {debuggerAddress: localhost:5658}, handlesAlerts: true, hasTouchScreen: false, javascriptEnabled: true, locationContextEnabled: true, mobileEmulationEnabled: false, nativeEvents: true, networkConnectionEnabled: false, pageLoadStrategy: normal, platform: XP, platformName: XP, rotatable: false, setWindowRect: true, takesHeapSnapshot: true, takesScreenshot: true, unexpectedAlertBehaviour: , unhandledPromptBehavior: , version: 70.0.3538.67, webStorageEnabled: true}
Session ID: ea57359b74abec9692cbf18ffbb298d0
*** Element info: {Using=xpath, value=//button[contains(@class,'btn btn-primary')]}
2020-09-13 13:09:40.710 [main] ERROR  - Expected condition failed: waiting for visibility of Proxy element for: DefaultElementLocator 'By.xpath: //div[@class='loading-wrapper']' (tried for 10 second(s) with 500 milliseconds interval)
2020-21-13 13:21:30.340 [main] INFO   - Click Submit and login 
2020-21-13 13:21:41.473 [main] ERROR  - Expected condition failed: waiting for visibility of Proxy element for: DefaultElementLocator 'By.xpath: //div[@class='loading-wrapper']' (tried for 10 second(s) with 500 milliseconds interval)
2020-28-13 13:28:48.600 [main] INFO   - Click Submit and login 
2020-28-13 13:28:49.494 [main] INFO   - Session Terminated proceed further
2020-28-13 13:28:52.215 [main] INFO   - On Dashboard
2020-28-13 13:28:52.847 [main] INFO   - Add new client
2020-29-13 13:29:45.842 [main] INFO   - Click Submit and login 
2020-29-13 13:29:56.484 [main] INFO   - Session not terminated
2020-29-13 13:29:56.485 [main] INFO   - Expected condition failed: waiting for visibility of Proxy element for: DefaultElementLocator 'By.xpath: //button[contains(@class,'btn btn-primary')]' (tried for 10 second(s) with 500 milliseconds interval) org.openqa.selenium.NoSuchElementException: no such element: Unable to locate element: {"method":"xpath","selector":"//button[contains(@class,'btn btn-primary')]"}
  (Session info: chrome=70.0.3538.67)
  (Driver info: chromedriver=70.0.3538.16 (16ed95b41bb05e565b11fb66ac33c660b721f778),platform=Windows NT 10.0.18363 x86_64) (WARNING: The server did not provide any stacktrace information)
Command duration or timeout: 0 milliseconds
For documentation on this error, please visit: https://www.seleniumhq.org/exceptions/no_such_element.html
Build info: version: '3.141.59', revision: 'e82be7d358', time: '2018-11-14T08:17:03'
System info: host: 'GFL-2018', ip: '10.58.58.15', os.name: 'Windows 10', os.arch: 'amd64', os.version: '10.0', java.version: '11.0.4'
Driver info: org.openqa.selenium.chrome.ChromeDriver
Capabilities {acceptInsecureCerts: false, acceptSslCerts: false, applicationCacheEnabled: false, browserConnectionEnabled: false, browserName: chrome, chrome: {chromedriverVersion: 70.0.3538.16 (16ed95b41bb05..., userDataDir: C:\Users\EAVKSE~1\AppData\L...}, cssSelectorsEnabled: true, databaseEnabled: false, goog:chromeOptions: {debuggerAddress: localhost:7368}, handlesAlerts: true, hasTouchScreen: false, javascriptEnabled: true, locationContextEnabled: true, mobileEmulationEnabled: false, nativeEvents: true, networkConnectionEnabled: false, pageLoadStrategy: normal, platform: XP, platformName: XP, rotatable: false, setWindowRect: true, takesHeapSnapshot: true, takesScreenshot: true, unexpectedAlertBehaviour: , unhandledPromptBehavior: , version: 70.0.3538.67, webStorageEnabled: true}
Session ID: eb1b558e6d72547d37c8e035e06490ad
*** Element info: {Using=xpath, value=//button[contains(@class,'btn btn-primary')]}
2020-29-13 13:29:56.507 [main] INFO   - On Dashboard
2020-29-13 13:29:57.651 [main] INFO   - Add new client
2020-32-13 13:32:13.498 [main] INFO   - Click Submit and login 
2020-32-13 13:32:14.380 [main] INFO   - Session Terminated proceed further
2020-32-13 13:32:17.243 [main] INFO   - On Dashboard
2020-32-13 13:32:17.877 [main] INFO   - Add new client
2020-32-13 13:32:40.543 [main] INFO   - Click Submit and login 
2020-32-13 13:32:41.421 [main] INFO   - Session Terminated proceed further
2020-32-13 13:32:44.237 [main] INFO   - On Dashboard
2020-32-13 13:32:44.868 [main] INFO   - Add new client
2020-33-13 13:33:57.347 [main] INFO   - Click Submit and login 
2020-33-13 13:33:58.318 [main] INFO   - Session Terminated proceed further
2020-34-13 13:34:01.199 [main] INFO   - On Dashboard
2020-34-13 13:34:01.849 [main] INFO   - Add new client
2020-20-13 15:20:37.030 [main] ERROR  - Expected condition failed: waiting for visibility of Proxy element for: DefaultElementLocator 'By.xpath: //input[@type='password']' (tried for 10 second(s) with 500 milliseconds interval)
2020-22-13 15:22:11.224 [main] INFO   - Click Submit and login 
2020-22-13 15:22:12.092 [main] INFO   - Session Terminated proceed further
2020-22-13 15:22:16.371 [main] INFO   - On Dashboard
2020-22-13 15:22:17.038 [main] INFO   - Add new client
2020-23-13 15:23:06.981 [main] INFO   - Click Submit and login 
2020-23-13 15:23:07.868 [main] INFO   - Session Terminated proceed further
2020-23-13 15:23:10.857 [main] INFO   - On Dashboard
2020-23-13 15:23:11.572 [main] INFO   - Add new client
2020-24-13 15:24:14.797 [main] INFO   - Click Submit and login 
2020-24-13 15:24:15.689 [main] INFO   - Session Terminated proceed further
2020-24-13 15:24:18.682 [main] INFO   - On Dashboard
2020-24-13 15:24:19.342 [main] INFO   - Add new client
2020-25-13 15:25:12.406 [main] INFO   - Click Submit and login 
2020-25-13 15:25:13.350 [main] INFO   - Session Terminated proceed further
2020-25-13 15:25:16.354 [main] INFO   - On Dashboard
2020-25-13 15:25:17.075 [main] INFO   - Add new client
2020-59-13 15:59:49.140 [main] INFO   - Click Submit and login 
2020-00-13 16:00:04.780 [main] INFO   - Session not terminated
2020-00-13 16:00:04.780 [main] INFO   - Expected condition failed: waiting for visibility of Proxy element for: DefaultElementLocator 'By.xpath: //button[contains(@class,'btn btn-primary')]' (tried for 10 second(s) with 500 milliseconds interval) org.openqa.selenium.NoSuchElementException: no such element: Unable to locate element: {"method":"xpath","selector":"//button[contains(@class,'btn btn-primary')]"}
  (Session info: chrome=70.0.3538.67)
  (Driver info: chromedriver=70.0.3538.16 (16ed95b41bb05e565b11fb66ac33c660b721f778),platform=Windows NT 10.0.18363 x86_64) (WARNING: The server did not provide any stacktrace information)
Command duration or timeout: 0 milliseconds
For documentation on this error, please visit: https://www.seleniumhq.org/exceptions/no_such_element.html
Build info: version: '3.141.59', revision: 'e82be7d358', time: '2018-11-14T08:17:03'
System info: host: 'GFL-2018', ip: '10.58.58.15', os.name: 'Windows 10', os.arch: 'amd64', os.version: '10.0', java.version: '11.0.4'
Driver info: org.openqa.selenium.chrome.ChromeDriver
Capabilities {acceptInsecureCerts: false, acceptSslCerts: false, applicationCacheEnabled: false, browserConnectionEnabled: false, browserName: chrome, chrome: {chromedriverVersion: 70.0.3538.16 (16ed95b41bb05..., userDataDir: C:\Users\EAVKSE~1\AppData\L...}, cssSelectorsEnabled: true, databaseEnabled: false, goog:chromeOptions: {debuggerAddress: localhost:16995}, handlesAlerts: true, hasTouchScreen: false, javascriptEnabled: true, locationContextEnabled: true, mobileEmulationEnabled: false, nativeEvents: true, networkConnectionEnabled: false, pageLoadStrategy: normal, platform: XP, platformName: XP, rotatable: false, setWindowRect: true, takesHeapSnapshot: true, takesScreenshot: true, unexpectedAlertBehaviour: , unhandledPromptBehavior: , version: 70.0.3538.67, webStorageEnabled: true}
Session ID: 46dfa303764df2e03a01f5ea87950b71
*** Element info: {Using=xpath, value=//button[contains(@class,'btn btn-primary')]}
2020-00-13 16:00:04.816 [main] INFO   - On Dashboard
2020-00-13 16:00:06.145 [main] INFO   - Add new client
2020-01-13 16:01:43.083 [main] INFO   - Click Submit and login 
2020-01-13 16:01:53.496 [main] INFO   - Session not terminated
2020-01-13 16:01:53.497 [main] INFO   - Expected condition failed: waiting for visibility of Proxy element for: DefaultElementLocator 'By.xpath: //button[contains(@class,'btn btn-primary')]' (tried for 10 second(s) with 500 milliseconds interval) org.openqa.selenium.NoSuchElementException: no such element: Unable to locate element: {"method":"xpath","selector":"//button[contains(@class,'btn btn-primary')]"}
  (Session info: chrome=70.0.3538.67)
  (Driver info: chromedriver=70.0.3538.16 (16ed95b41bb05e565b11fb66ac33c660b721f778),platform=Windows NT 10.0.18363 x86_64) (WARNING: The server did not provide any stacktrace information)
Command duration or timeout: 0 milliseconds
For documentation on this error, please visit: https://www.seleniumhq.org/exceptions/no_such_element.html
Build info: version: '3.141.59', revision: 'e82be7d358', time: '2018-11-14T08:17:03'
System info: host: 'GFL-2018', ip: '10.58.58.15', os.name: 'Windows 10', os.arch: 'amd64', os.version: '10.0', java.version: '11.0.4'
Driver info: org.openqa.selenium.chrome.ChromeDriver
Capabilities {acceptInsecureCerts: false, acceptSslCerts: false, applicationCacheEnabled: false, browserConnectionEnabled: false, browserName: chrome, chrome: {chromedriverVersion: 70.0.3538.16 (16ed95b41bb05..., userDataDir: C:\Users\EAVKSE~1\AppData\L...}, cssSelectorsEnabled: true, databaseEnabled: false, goog:chromeOptions: {debuggerAddress: localhost:17165}, handlesAlerts: true, hasTouchScreen: false, javascriptEnabled: true, locationContextEnabled: true, mobileEmulationEnabled: false, nativeEvents: true, networkConnectionEnabled: false, pageLoadStrategy: normal, platform: XP, platformName: XP, rotatable: false, setWindowRect: true, takesHeapSnapshot: true, takesScreenshot: true, unexpectedAlertBehaviour: , unhandledPromptBehavior: , version: 70.0.3538.67, webStorageEnabled: true}
Session ID: 64043faebe182ea7a4f2e55c562f9c57
*** Element info: {Using=xpath, value=//button[contains(@class,'btn btn-primary')]}
2020-01-13 16:01:53.527 [main] INFO   - On Dashboard
2020-01-13 16:01:54.755 [main] INFO   - Add new client
2020-04-13 16:04:46.796 [main] INFO   - Click Submit and login 
2020-04-13 16:04:47.741 [main] INFO   - Session Terminated proceed further
2020-04-13 16:04:50.766 [main] INFO   - On Dashboard
2020-04-13 16:04:51.470 [main] INFO   - Add new client
2020-45-13 16:45:56.323 [main] ERROR  - Expected condition failed: waiting for visibility of Proxy element for: DefaultElementLocator 'By.xpath: //input[@type='password']' (tried for 10 second(s) with 500 milliseconds interval)
2020-47-13 16:47:14.577 [main] INFO   - Click Submit and login 
2020-47-13 16:47:18.350 [main] INFO   - On Dashboard
2020-47-13 16:47:18.977 [main] INFO   - Add new client
2020-48-13 16:48:17.357 [main] INFO   - Click Submit and login 
2020-48-13 16:48:21.095 [main] INFO   - On Dashboard
2020-48-13 16:48:21.821 [main] INFO   - Add new client
2020-49-13 16:49:32.397 [main] INFO   - Click Submit and login 
2020-49-13 16:49:35.510 [main] INFO   - On Dashboard
2020-49-13 16:49:44.273 [main] INFO   - Add new client
2020-51-13 16:51:06.735 [main] INFO   - Click Submit and login 
2020-51-13 16:51:09.752 [main] INFO   - On Dashboard
2020-51-13 16:51:10.456 [main] INFO   - Add new client
2020-56-13 16:56:57.207 [main] INFO   - Click Submit and login 
2020-57-13 16:57:03.664 [main] INFO   - On Dashboard
2020-57-13 16:57:04.369 [main] INFO   - Add new client
2020-57-13 16:57:32.011 [main] INFO   - Click Submit and login 
2020-57-13 16:57:35.902 [main] INFO   - On Dashboard
2020-57-13 16:57:36.585 [main] INFO   - Add new client
2020-58-13 16:58:28.884 [main] INFO   - Click Submit and login 
2020-58-13 16:58:31.963 [main] INFO   - On Dashboard
2020-58-13 16:58:32.638 [main] INFO   - Add new client
2020-07-13 18:07:36.456 [main] INFO   - Click Submit and login 
2020-07-13 18:07:39.538 [main] INFO   - On Dashboard
2020-07-13 18:07:39.881 [main] ERROR  - no such element: Unable to locate element: {"method":"xpath","selector":"//div[@id='hcn']//input"}
  (Session info: chrome=70.0.3538.67)
  (Driver info: chromedriver=70.0.3538.16 (16ed95b41bb05e565b11fb66ac33c660b721f778),platform=Windows NT 10.0.18363 x86_64) (WARNING: The server did not provide any stacktrace information)
Command duration or timeout: 0 milliseconds
For documentation on this error, please visit: https://www.seleniumhq.org/exceptions/no_such_element.html
Build info: version: '3.141.59', revision: 'e82be7d358', time: '2018-11-14T08:17:03'
System info: host: 'GFL-2018', ip: '10.58.58.15', os.name: 'Windows 10', os.arch: 'amd64', os.version: '10.0', java.version: '11.0.4'
Driver info: org.openqa.selenium.chrome.ChromeDriver
Capabilities {acceptInsecureCerts: false, acceptSslCerts: false, applicationCacheEnabled: false, browserConnectionEnabled: false, browserName: chrome, chrome: {chromedriverVersion: 70.0.3538.16 (16ed95b41bb05..., userDataDir: C:\Users\EAVKSE~1\AppData\L...}, cssSelectorsEnabled: true, databaseEnabled: false, goog:chromeOptions: {debuggerAddress: localhost:22279}, handlesAlerts: true, hasTouchScreen: false, javascriptEnabled: true, locationContextEnabled: true, mobileEmulationEnabled: false, nativeEvents: true, networkConnectionEnabled: false, pageLoadStrategy: normal, platform: XP, platformName: XP, rotatable: false, setWindowRect: true, takesHeapSnapshot: true, takesScreenshot: true, unexpectedAlertBehaviour: , unhandledPromptBehavior: , version: 70.0.3538.67, webStorageEnabled: true}
Session ID: e02976c842cf6de8bdfe29efe3a9f8e1
*** Element info: {Using=xpath, value=//div[@id='hcn']//input}
2020-11-13 18:11:10.826 [main] INFO   - Click Submit and login 
2020-11-13 18:11:14.200 [main] INFO   - On Dashboard
2020-50-13 18:50:33.264 [main] INFO   - Click Submit and login 
2020-50-13 18:50:37.079 [main] INFO   - On Dashboard
2020-50-13 18:50:37.771 [main] ERROR  - no such element: Unable to locate element: {"method":"xpath","selector":"//tr[@class='odd cursor-pointer']"}
  (Session info: chrome=70.0.3538.67)
  (Driver info: chromedriver=70.0.3538.16 (16ed95b41bb05e565b11fb66ac33c660b721f778),platform=Windows NT 10.0.18363 x86_64) (WARNING: The server did not provide any stacktrace information)
Command duration or timeout: 0 milliseconds
For documentation on this error, please visit: https://www.seleniumhq.org/exceptions/no_such_element.html
Build info: version: '3.141.59', revision: 'e82be7d358', time: '2018-11-14T08:17:03'
System info: host: 'GFL-2018', ip: '10.58.58.15', os.name: 'Windows 10', os.arch: 'amd64', os.version: '10.0', java.version: '11.0.4'
Driver info: org.openqa.selenium.chrome.ChromeDriver
Capabilities {acceptInsecureCerts: false, acceptSslCerts: false, applicationCacheEnabled: false, browserConnectionEnabled: false, browserName: chrome, chrome: {chromedriverVersion: 70.0.3538.16 (16ed95b41bb05..., userDataDir: C:\Users\EAVKSE~1\AppData\L...}, cssSelectorsEnabled: true, databaseEnabled: false, goog:chromeOptions: {debuggerAddress: localhost:25770}, handlesAlerts: true, hasTouchScreen: false, javascriptEnabled: true, locationContextEnabled: true, mobileEmulationEnabled: false, nativeEvents: true, networkConnectionEnabled: false, pageLoadStrategy: normal, platform: XP, platformName: XP, rotatable: false, setWindowRect: true, takesHeapSnapshot: true, takesScreenshot: true, unexpectedAlertBehaviour: , unhandledPromptBehavior: , version: 70.0.3538.67, webStorageEnabled: true}
Session ID: 0da10f2eba866c0822ded2e372dad9ad
*** Element info: {Using=xpath, value=//tr[@class='odd cursor-pointer']}
